nohup: ignoring input
2019-07-31 15:12:34.905633: I tensorflow/core/platform/cpu_feature_guard.cc:141] Your CPU supports instructions that this TensorFlow binary was not compiled to use: AVX2 FMA
2019-07-31 15:12:35.053224: I tensorflow/stream_executor/cuda/cuda_gpu_executor.cc:897] successful NUMA node read from SysFS had negative value (-1), but there must be at least one NUMA node, so returning NUMA node zero
2019-07-31 15:12:35.053908: I tensorflow/core/common_runtime/gpu/gpu_device.cc:1392] Found device 0 with properties: 
name: GeForce GTX 1080 Ti major: 6 minor: 1 memoryClockRate(GHz): 1.582
pciBusID: 0000:07:00.0
totalMemory: 10.92GiB freeMemory: 10.74GiB
2019-07-31 15:12:35.053925: I tensorflow/core/common_runtime/gpu/gpu_device.cc:1471] Adding visible gpu devices: 0
2019-07-31 15:12:35.258075: I tensorflow/core/common_runtime/gpu/gpu_device.cc:952] Device interconnect StreamExecutor with strength 1 edge matrix:
2019-07-31 15:12:35.258118: I tensorflow/core/common_runtime/gpu/gpu_device.cc:958]      0 
2019-07-31 15:12:35.258125: I tensorflow/core/common_runtime/gpu/gpu_device.cc:971] 0:   N 
2019-07-31 15:12:35.258379: I tensorflow/core/common_runtime/gpu/gpu_device.cc:1084] Created TensorFlow device (/job:localhost/replica:0/task:0/device:GPU:0 with 10393 MB memory) -> physical GPU (device: 0, name: GeForce GTX 1080 Ti, pci bus id: 0000:07:00.0, compute capability: 6.1)
2019-07-31 15:13:39.548733: I tensorflow/core/common_runtime/gpu/gpu_device.cc:1471] Adding visible gpu devices: 0
2019-07-31 15:13:39.548788: I tensorflow/core/common_runtime/gpu/gpu_device.cc:952] Device interconnect StreamExecutor with strength 1 edge matrix:
2019-07-31 15:13:39.548795: I tensorflow/core/common_runtime/gpu/gpu_device.cc:958]      0 
2019-07-31 15:13:39.548801: I tensorflow/core/common_runtime/gpu/gpu_device.cc:971] 0:   N 
2019-07-31 15:13:39.548921: I tensorflow/core/common_runtime/gpu/gpu_device.cc:1084] Created TensorFlow device (/job:localhost/replica:0/task:0/device:GPU:0 with 10393 MB memory) -> physical GPU (device: 0, name: GeForce GTX 1080 Ti, pci bus id: 0000:07:00.0, compute capability: 6.1)
/home/sa16246/.local/lib/python3.6/site-packages/sklearn/base.py:306: UserWarning: Trying to unpickle estimator Lasso from version 0.19.1 when using version 0.21.2. This might lead to breaking code or invalid results. Use at your own risk.
  UserWarning)
Warning! The mae is multiplied by -1 so that it can be minimised in Osprey!
Methane trajectory score: -1.7939780419746725
Warning! The mae is multiplied by -1 so that it can be minimised in Osprey!
Isopentane trajectory score: -3.146407622758925
Warning! The mae is multiplied by -1 so that it can be minimised in Osprey!
2-Isohexane trajectory score: -5.211060781033621
Warning! The mae is multiplied by -1 so that it can be minimised in Osprey!
3-Isohexane trajectory score: -3.9736308753214846
Warning! The mae is multiplied by -1 so that it can be minimised in Osprey!
Squalane trajectory score: -129.90145259676555
Step: 0001 cost= 10071482.000000000 c= [-22.374039]
Step: 0021 cost= 104255.101562500 c= [-127.46432]
Step: 0041 cost= 99134.812500000 c= [-129.84622]
Step: 0061 cost= 99132.179687500 c= [-129.9002]
Step: 0081 cost= 99132.171875000 c= [-129.90141]

Squalane trajectory corrected score: 8.16 pm 6.95
