nohup: ignoring input
2019-07-31 15:03:37.413269: I tensorflow/core/platform/cpu_feature_guard.cc:141] Your CPU supports instructions that this TensorFlow binary was not compiled to use: AVX2 FMA
2019-07-31 15:03:37.561287: I tensorflow/stream_executor/cuda/cuda_gpu_executor.cc:897] successful NUMA node read from SysFS had negative value (-1), but there must be at least one NUMA node, so returning NUMA node zero
2019-07-31 15:03:37.566740: I tensorflow/core/common_runtime/gpu/gpu_device.cc:1392] Found device 0 with properties: 
name: GeForce GTX 1080 Ti major: 6 minor: 1 memoryClockRate(GHz): 1.582
pciBusID: 0000:07:00.0
totalMemory: 10.92GiB freeMemory: 10.74GiB
2019-07-31 15:03:37.566762: I tensorflow/core/common_runtime/gpu/gpu_device.cc:1471] Adding visible gpu devices: 0
2019-07-31 15:03:37.767516: I tensorflow/core/common_runtime/gpu/gpu_device.cc:952] Device interconnect StreamExecutor with strength 1 edge matrix:
2019-07-31 15:03:37.767563: I tensorflow/core/common_runtime/gpu/gpu_device.cc:958]      0 
2019-07-31 15:03:37.767571: I tensorflow/core/common_runtime/gpu/gpu_device.cc:971] 0:   N 
2019-07-31 15:03:37.767867: I tensorflow/core/common_runtime/gpu/gpu_device.cc:1084] Created TensorFlow device (/job:localhost/replica:0/task:0/device:GPU:0 with 10393 MB memory) -> physical GPU (device: 0, name: GeForce GTX 1080 Ti, pci bus id: 0000:07:00.0, compute capability: 6.1)
2019-07-31 15:04:28.912112: I tensorflow/core/common_runtime/gpu/gpu_device.cc:1471] Adding visible gpu devices: 0
2019-07-31 15:04:28.912173: I tensorflow/core/common_runtime/gpu/gpu_device.cc:952] Device interconnect StreamExecutor with strength 1 edge matrix:
2019-07-31 15:04:28.912180: I tensorflow/core/common_runtime/gpu/gpu_device.cc:958]      0 
2019-07-31 15:04:28.912186: I tensorflow/core/common_runtime/gpu/gpu_device.cc:971] 0:   N 
2019-07-31 15:04:28.912309: I tensorflow/core/common_runtime/gpu/gpu_device.cc:1084] Created TensorFlow device (/job:localhost/replica:0/task:0/device:GPU:0 with 10393 MB memory) -> physical GPU (device: 0, name: GeForce GTX 1080 Ti, pci bus id: 0000:07:00.0, compute capability: 6.1)
/home/sa16246/.local/lib/python3.6/site-packages/sklearn/base.py:306: UserWarning: Trying to unpickle estimator Lasso from version 0.19.1 when using version 0.21.2. This might lead to breaking code or invalid results. Use at your own risk.
  UserWarning)
Warning! The mae is multiplied by -1 so that it can be minimised in Osprey!
Methane trajectory score: -1.3517207353613534
Warning! The mae is multiplied by -1 so that it can be minimised in Osprey!
Ethane trajectory score: -1.0430574466615798
Warning! The mae is multiplied by -1 so that it can be minimised in Osprey!
Isobutane trajectory score: -3.2813285928735665
Warning! The mae is multiplied by -1 so that it can be minimised in Osprey!
Isopentane trajectory score: -3.7903011250424306
Warning! The mae is multiplied by -1 so that it can be minimised in Osprey!
Squalane trajectory score: -106.42461984315563
Step: 0001 cost= 6948850.000000000 c= [-17.693003]
Step: 0021 cost= 161617.734375000 c= [-104.4135]
Step: 0041 cost= 158131.046875000 c= [-106.379036]
Step: 0061 cost= 158129.250000000 c= [-106.42358]
Step: 0081 cost= 158129.250000000 c= [-106.4246]

Squalane trajectory corrected score: 9.87 pm 9.26
